<?xml version="1.0" encoding="UTF-8"?>
<!-- Generated by org.testng.reporters.JUnitReportReporter -->
<testsuite hostname="MrB" failures="0" tests="1" name="testCases.InterestCalculatorTest" time="0.000" errors="0" timestamp="2021-03-21T11:53:41 EDT" skipped="1">
  <testcase classname="testCases.InterestCalculatorTest" name="InterestCalculatorTest" time="0.000">
    <skipped/>
  </testcase> <!-- InterestCalculatorTest -->
  <system-out/>
</testsuite> <!-- testCases.InterestCalculatorTest -->
