<?xml version="1.0" encoding="UTF-8"?>
<!-- Generated by org.testng.reporters.JUnitReportReporter -->
<testsuite hostname="BIRRHOME" failures="0" tests="1" name="roughTrials.exam" time="0.082" errors="0" timestamp="2021-03-21T01:48:52 EDT" skipped="0">
  <testcase classname="roughTrials.exam" name="maven" time="0.082"/>
  <system-out/>
</testsuite> <!-- roughTrials.exam -->
